{"C:\\Users\\johnz\\WTWRP\\src\\jest.config.js": {"path":"C:\\Users\\johnz\\WTWRP\\src\\jest.config.js","statementMap":{},"fnMap":{},"branchMap":{},"s":{},"f":{},"b":{}}
,"C:\\Users\\johnz\\WTWRP\\src\\main.jsx": {"path":"C:\\Users\\johnz\\WTWRP\\src\\main.jsx","statementMap":{"0":{"start":{"line":7,"column":0},"end":{"line":13,"column":2}}},"fnMap":{},"branchMap":{},"s":{"0":0},"f":{},"b":{}}
,"C:\\Users\\johnz\\WTWRP\\src\\components\\AddItemModal\\AddItemModal.jsx": {"path":"C:\\Users\\johnz\\WTWRP\\src\\components\\AddItemModal\\AddItemModal.jsx","statementMap":{"0":{"start":{"line":5,"column":21},"end":{"line":108,"column":1}},"1":{"start":{"line":14,"column":48},"end":{"line":18,"column":4}},"2":{"start":{"line":20,"column":22},"end":{"line":23,"column":3}},"3":{"start":{"line":21,"column":4},"end":{"line":21,"column":18}},"4":{"start":{"line":22,"column":4},"end":{"line":22,"column":23}},"5":{"start":{"line":25,"column":28},"end":{"line":41,"column":3}},"6":{"start":{"line":26,"column":4},"end":{"line":26,"column":23}},"7":{"start":{"line":28,"column":21},"end":{"line":32,"column":5}},"8":{"start":{"line":34,"column":4},"end":{"line":40,"column":9}},"9":{"start":{"line":36,"column":8},"end":{"line":36,"column":22}},"10":{"start":{"line":39,"column":8},"end":{"line":39,"column":57}},"11":{"start":{"line":44,"column":4},"end":{"line":44,"column":70}},"12":{"start":{"line":46,"column":2},"end":{"line":107,"column":4}}},"fnMap":{"0":{"name":"(anonymous_0)","decl":{"start":{"line":5,"column":21},"end":{"line":5,"column":22}},"loc":{"start":{"line":13,"column":6},"end":{"line":108,"column":1}},"line":13},"1":{"name":"(anonymous_1)","decl":{"start":{"line":20,"column":22},"end":{"line":20,"column":23}},"loc":{"start":{"line":20,"column":28},"end":{"line":23,"column":3}},"line":20},"2":{"name":"(anonymous_2)","decl":{"start":{"line":25,"column":28},"end":{"line":25,"column":29}},"loc":{"start":{"line":25,"column":35},"end":{"line":41,"column":3}},"line":25},"3":{"name":"(anonymous_3)","decl":{"start":{"line":35,"column":12},"end":{"line":35,"column":13}},"loc":{"start":{"line":35,"column":18},"end":{"line":37,"column":7}},"line":35},"4":{"name":"(anonymous_4)","decl":{"start":{"line":38,"column":13},"end":{"line":38,"column":14}},"loc":{"start":{"line":38,"column":22},"end":{"line":40,"column":7}},"line":38}},"branchMap":{"0":{"loc":{"start":{"line":44,"column":4},"end":{"line":44,"column":70}},"type":"binary-expr","locations":[{"start":{"line":44,"column":4},"end":{"line":44,"column":15}},{"start":{"line":44,"column":20},"end":{"line":44,"column":32}},{"start":{"line":44,"column":36},"end":{"line":44,"column":51}},{"start":{"line":44,"column":56},"end":{"line":44,"column":70}}],"line":44}},"s":{"0":0,"1":0,"2":0,"3":0,"4":0,"5":0,"6":0,"7":0,"8":0,"9":0,"10":0,"11":0,"12":0},"f":{"0":0,"1":0,"2":0,"3":0,"4":0},"b":{"0":[0,0,0,0]}}
,"C:\\Users\\johnz\\WTWRP\\src\\components\\App\\App.jsx": {"path":"C:\\Users\\johnz\\WTWRP\\src\\components\\App\\App.jsx","statementMap":{"0":{"start":{"line":39,"column":44},"end":{"line":39,"column":56}},"1":{"start":{"line":40,"column":40},"end":{"line":46,"column":4}},"2":{"start":{"line":47,"column":40},"end":{"line":47,"column":52}},"3":{"start":{"line":48,"column":42},"end":{"line":48,"column":54}},"4":{"start":{"line":49,"column":62},"end":{"line":49,"column":76}},"5":{"start":{"line":50,"column":40},"end":{"line":50,"column":52}},"6":{"start":{"line":51,"column":38},"end":{"line":51,"column":53}},"7":{"start":{"line":52,"column":36},"end":{"line":54,"column":3}},"8":{"start":{"line":56,"column":19},"end":{"line":56,"column":32}},"9":{"start":{"line":57,"column":19},"end":{"line":57,"column":32}},"10":{"start":{"line":59,"column":28},"end":{"line":61,"column":8}},"11":{"start":{"line":60,"column":4},"end":{"line":60,"column":34}},"12":{"start":{"line":63,"column":29},"end":{"line":66,"column":8}},"13":{"start":{"line":64,"column":4},"end":{"line":64,"column":30}},"14":{"start":{"line":65,"column":4},"end":{"line":65,"column":26}},"15":{"start":{"line":68,"column":32},"end":{"line":70,"column":16}},"16":{"start":{"line":69,"column":4},"end":{"line":69,"column":26}},"17":{"start":{"line":72,"column":22},"end":{"line":75,"column":16}},"18":{"start":{"line":74,"column":4},"end":{"line":74,"column":23}},"19":{"start":{"line":77,"column":27},"end":{"line":80,"column":16}},"20":{"start":{"line":78,"column":4},"end":{"line":78,"column":23}},"21":{"start":{"line":79,"column":4},"end":{"line":79,"column":18}},"22":{"start":{"line":82,"column":34},"end":{"line":84,"column":8}},"23":{"start":{"line":83,"column":4},"end":{"line":83,"column":30}},"24":{"start":{"line":87,"column":17},"end":{"line":101,"column":16}},"25":{"start":{"line":88,"column":4},"end":{"line":100,"column":9}},"26":{"start":{"line":90,"column":8},"end":{"line":90,"column":62}},"27":{"start":{"line":93,"column":8},"end":{"line":93,"column":45}},"28":{"start":{"line":96,"column":8},"end":{"line":96,"column":31}},"29":{"start":{"line":97,"column":8},"end":{"line":97,"column":29}},"30":{"start":{"line":98,"column":8},"end":{"line":98,"column":27}},"31":{"start":{"line":99,"column":8},"end":{"line":99,"column":22}},"32":{"start":{"line":103,"column":30},"end":{"line":116,"column":3}},"33":{"start":{"line":105,"column":6},"end":{"line":113,"column":11}},"34":{"start":{"line":107,"column":10},"end":{"line":107,"column":72}},"35":{"start":{"line":107,"column":42},"end":{"line":107,"column":70}},"36":{"start":{"line":108,"column":10},"end":{"line":108,"column":30}},"37":{"start":{"line":111,"column":10},"end":{"line":111,"column":43}},"38":{"start":{"line":112,"column":10},"end":{"line":112,"column":20}},"39":{"start":{"line":118,"column":32},"end":{"line":122,"column":8}},"40":{"start":{"line":119,"column":4},"end":{"line":119,"column":57}},"41":{"start":{"line":120,"column":4},"end":{"line":120,"column":29}},"42":{"start":{"line":121,"column":4},"end":{"line":121,"column":26}},"43":{"start":{"line":124,"column":35},"end":{"line":140,"column":3}},"44":{"start":{"line":126,"column":21},"end":{"line":126,"column":37}},"45":{"start":{"line":128,"column":6},"end":{"line":137,"column":11}},"46":{"start":{"line":130,"column":10},"end":{"line":132,"column":12}},"47":{"start":{"line":131,"column":12},"end":{"line":131,"column":69}},"48":{"start":{"line":131,"column":39},"end":{"line":131,"column":68}},"49":{"start":{"line":133,"column":10},"end":{"line":133,"column":29}},"50":{"start":{"line":136,"column":10},"end":{"line":136,"column":55}},"51":{"start":{"line":142,"column":28},"end":{"line":165,"column":3}},"52":{"start":{"line":144,"column":6},"end":{"line":146,"column":7}},"53":{"start":{"line":145,"column":8},"end":{"line":145,"column":15}},"54":{"start":{"line":147,"column":6},"end":{"line":162,"column":11}},"55":{"start":{"line":149,"column":10},"end":{"line":157,"column":13}},"56":{"start":{"line":150,"column":12},"end":{"line":150,"column":32}},"57":{"start":{"line":151,"column":12},"end":{"line":151,"column":39}},"58":{"start":{"line":153,"column":12},"end":{"line":153,"column":57}},"59":{"start":{"line":155,"column":35},"end":{"line":155,"column":79}},"60":{"start":{"line":156,"column":12},"end":{"line":156,"column":37}},"61":{"start":{"line":160,"column":10},"end":{"line":160,"column":29}},"62":{"start":{"line":161,"column":10},"end":{"line":161,"column":20}},"63":{"start":{"line":167,"column":31},"end":{"line":179,"column":3}},"64":{"start":{"line":169,"column":6},"end":{"line":176,"column":11}},"65":{"start":{"line":171,"column":10},"end":{"line":171,"column":56}},"66":{"start":{"line":175,"column":10},"end":{"line":175,"column":29}},"67":{"start":{"line":181,"column":34},"end":{"line":194,"column":3}},"68":{"start":{"line":183,"column":20},"end":{"line":183,"column":68}},"69":{"start":{"line":184,"column":4},"end":{"line":193,"column":9}},"70":{"start":{"line":187,"column":8},"end":{"line":189,"column":10}},"71":{"start":{"line":188,"column":10},"end":{"line":188,"column":79}},"72":{"start":{"line":188,"column":35},"end":{"line":188,"column":77}},"73":{"start":{"line":192,"column":8},"end":{"line":192,"column":51}},"74":{"start":{"line":196,"column":30},"end":{"line":207,"column":3}},"75":{"start":{"line":197,"column":4},"end":{"line":206,"column":9}},"76":{"start":{"line":199,"column":8},"end":{"line":201,"column":11}},"77":{"start":{"line":200,"column":10},"end":{"line":200,"column":48}},"78":{"start":{"line":204,"column":8},"end":{"line":204,"column":27}},"79":{"start":{"line":205,"column":8},"end":{"line":205,"column":18}},"80":{"start":{"line":210,"column":35},"end":{"line":212,"column":3}},"81":{"start":{"line":211,"column":4},"end":{"line":211,"column":77}},"82":{"start":{"line":214,"column":2},"end":{"line":221,"column":9}},"83":{"start":{"line":215,"column":4},"end":{"line":220,"column":59}},"84":{"start":{"line":216,"column":22},"end":{"line":216,"column":45}},"85":{"start":{"line":218,"column":8},"end":{"line":218,"column":32}},"86":{"start":{"line":220,"column":22},"end":{"line":220,"column":57}},"87":{"start":{"line":223,"column":2},"end":{"line":232,"column":9}},"88":{"start":{"line":225,"column":4},"end":{"line":231,"column":42}},"89":{"start":{"line":227,"column":8},"end":{"line":229,"column":50}},"90":{"start":{"line":231,"column":22},"end":{"line":231,"column":40}},"91":{"start":{"line":234,"column":2},"end":{"line":249,"column":9}},"92":{"start":{"line":235,"column":26},"end":{"line":239,"column":5}},"93":{"start":{"line":236,"column":6},"end":{"line":236,"column":30}},"94":{"start":{"line":237,"column":6},"end":{"line":237,"column":27}},"95":{"start":{"line":238,"column":6},"end":{"line":238,"column":26}},"96":{"start":{"line":240,"column":4},"end":{"line":248,"column":9}},"97":{"start":{"line":242,"column":8},"end":{"line":242,"column":45}},"98":{"start":{"line":246,"column":8},"end":{"line":246,"column":27}},"99":{"start":{"line":247,"column":8},"end":{"line":247,"column":29}},"100":{"start":{"line":253,"column":4},"end":{"line":253,"column":71}},"101":{"start":{"line":255,"column":2},"end":{"line":279,"column":51}},"102":{"start":{"line":257,"column":4},"end":{"line":257,"column":45}},"103":{"start":{"line":257,"column":38},"end":{"line":257,"column":45}},"104":{"start":{"line":258,"column":27},"end":{"line":262,"column":5}},"105":{"start":{"line":259,"column":6},"end":{"line":261,"column":7}},"106":{"start":{"line":260,"column":8},"end":{"line":260,"column":27}},"107":{"start":{"line":264,"column":31},"end":{"line":270,"column":5}},"108":{"start":{"line":267,"column":6},"end":{"line":269,"column":7}},"109":{"start":{"line":268,"column":8},"end":{"line":268,"column":27}},"110":{"start":{"line":272,"column":4},"end":{"line":272,"column":57}},"111":{"start":{"line":273,"column":4},"end":{"line":273,"column":63}},"112":{"start":{"line":275,"column":4},"end":{"line":278,"column":6}},"113":{"start":{"line":276,"column":6},"end":{"line":276,"column":62}},"114":{"start":{"line":277,"column":6},"end":{"line":277,"column":68}},"115":{"start":{"line":281,"column":2},"end":{"line":404,"column":4}}},"fnMap":{"0":{"name":"App","decl":{"start":{"line":38,"column":9},"end":{"line":38,"column":12}},"loc":{"start":{"line":38,"column":15},"end":{"line":405,"column":1}},"line":38},"1":{"name":"(anonymous_1)","decl":{"start":{"line":59,"column":40},"end":{"line":59,"column":41}},"loc":{"start":{"line":59,"column":46},"end":{"line":61,"column":3}},"line":59},"2":{"name":"(anonymous_2)","decl":{"start":{"line":63,"column":41},"end":{"line":63,"column":42}},"loc":{"start":{"line":63,"column":51},"end":{"line":66,"column":3}},"line":63},"3":{"name":"(anonymous_3)","decl":{"start":{"line":68,"column":44},"end":{"line":68,"column":45}},"loc":{"start":{"line":68,"column":50},"end":{"line":70,"column":3}},"line":68},"4":{"name":"(anonymous_4)","decl":{"start":{"line":72,"column":34},"end":{"line":72,"column":35}},"loc":{"start":{"line":72,"column":40},"end":{"line":75,"column":3}},"line":72},"5":{"name":"(anonymous_5)","decl":{"start":{"line":77,"column":39},"end":{"line":77,"column":40}},"loc":{"start":{"line":77,"column":45},"end":{"line":80,"column":3}},"line":77},"6":{"name":"(anonymous_6)","decl":{"start":{"line":82,"column":46},"end":{"line":82,"column":47}},"loc":{"start":{"line":82,"column":52},"end":{"line":84,"column":3}},"line":82},"7":{"name":"(anonymous_7)","decl":{"start":{"line":87,"column":29},"end":{"line":87,"column":30}},"loc":{"start":{"line":87,"column":35},"end":{"line":101,"column":3}},"line":87},"8":{"name":"(anonymous_8)","decl":{"start":{"line":89,"column":12},"end":{"line":89,"column":13}},"loc":{"start":{"line":89,"column":18},"end":{"line":91,"column":7}},"line":89},"9":{"name":"(anonymous_9)","decl":{"start":{"line":92,"column":13},"end":{"line":92,"column":14}},"loc":{"start":{"line":92,"column":22},"end":{"line":94,"column":7}},"line":92},"10":{"name":"(anonymous_10)","decl":{"start":{"line":95,"column":15},"end":{"line":95,"column":16}},"loc":{"start":{"line":95,"column":21},"end":{"line":100,"column":7}},"line":95},"11":{"name":"(anonymous_11)","decl":{"start":{"line":104,"column":4},"end":{"line":104,"column":5}},"loc":{"start":{"line":104,"column":14},"end":{"line":114,"column":5}},"line":104},"12":{"name":"(anonymous_12)","decl":{"start":{"line":106,"column":14},"end":{"line":106,"column":15}},"loc":{"start":{"line":106,"column":27},"end":{"line":109,"column":9}},"line":106},"13":{"name":"(anonymous_13)","decl":{"start":{"line":107,"column":27},"end":{"line":107,"column":28}},"loc":{"start":{"line":107,"column":42},"end":{"line":107,"column":70}},"line":107},"14":{"name":"(anonymous_14)","decl":{"start":{"line":110,"column":15},"end":{"line":110,"column":16}},"loc":{"start":{"line":110,"column":24},"end":{"line":113,"column":9}},"line":110},"15":{"name":"(anonymous_15)","decl":{"start":{"line":118,"column":44},"end":{"line":118,"column":45}},"loc":{"start":{"line":118,"column":54},"end":{"line":122,"column":3}},"line":118},"16":{"name":"(anonymous_16)","decl":{"start":{"line":125,"column":4},"end":{"line":125,"column":5}},"loc":{"start":{"line":125,"column":22},"end":{"line":138,"column":5}},"line":125},"17":{"name":"(anonymous_17)","decl":{"start":{"line":129,"column":14},"end":{"line":129,"column":15}},"loc":{"start":{"line":129,"column":20},"end":{"line":134,"column":9}},"line":129},"18":{"name":"(anonymous_18)","decl":{"start":{"line":130,"column":27},"end":{"line":130,"column":28}},"loc":{"start":{"line":131,"column":12},"end":{"line":131,"column":69}},"line":131},"19":{"name":"(anonymous_19)","decl":{"start":{"line":131,"column":29},"end":{"line":131,"column":30}},"loc":{"start":{"line":131,"column":39},"end":{"line":131,"column":68}},"line":131},"20":{"name":"(anonymous_20)","decl":{"start":{"line":135,"column":15},"end":{"line":135,"column":16}},"loc":{"start":{"line":135,"column":26},"end":{"line":137,"column":9}},"line":135},"21":{"name":"(anonymous_21)","decl":{"start":{"line":143,"column":4},"end":{"line":143,"column":5}},"loc":{"start":{"line":143,"column":29},"end":{"line":163,"column":5}},"line":143},"22":{"name":"(anonymous_22)","decl":{"start":{"line":148,"column":14},"end":{"line":148,"column":15}},"loc":{"start":{"line":148,"column":27},"end":{"line":158,"column":9}},"line":148},"23":{"name":"(anonymous_23)","decl":{"start":{"line":149,"column":48},"end":{"line":149,"column":49}},"loc":{"start":{"line":149,"column":59},"end":{"line":157,"column":11}},"line":149},"24":{"name":"(anonymous_24)","decl":{"start":{"line":159,"column":15},"end":{"line":159,"column":16}},"loc":{"start":{"line":159,"column":24},"end":{"line":162,"column":9}},"line":159},"25":{"name":"(anonymous_25)","decl":{"start":{"line":168,"column":4},"end":{"line":168,"column":5}},"loc":{"start":{"line":168,"column":43},"end":{"line":177,"column":5}},"line":168},"26":{"name":"(anonymous_26)","decl":{"start":{"line":170,"column":14},"end":{"line":170,"column":15}},"loc":{"start":{"line":170,"column":20},"end":{"line":172,"column":9}},"line":170},"27":{"name":"(anonymous_27)","decl":{"start":{"line":173,"column":14},"end":{"line":173,"column":15}},"loc":{"start":{"line":173,"column":20},"end":{"line":173,"column":22}},"line":173},"28":{"name":"(anonymous_28)","decl":{"start":{"line":174,"column":15},"end":{"line":174,"column":16}},"loc":{"start":{"line":174,"column":24},"end":{"line":176,"column":9}},"line":174},"29":{"name":"(anonymous_29)","decl":{"start":{"line":181,"column":34},"end":{"line":181,"column":35}},"loc":{"start":{"line":181,"column":56},"end":{"line":194,"column":3}},"line":181},"30":{"name":"(anonymous_30)","decl":{"start":{"line":185,"column":12},"end":{"line":185,"column":13}},"loc":{"start":{"line":185,"column":29},"end":{"line":190,"column":7}},"line":185},"31":{"name":"(anonymous_31)","decl":{"start":{"line":187,"column":25},"end":{"line":187,"column":26}},"loc":{"start":{"line":188,"column":10},"end":{"line":188,"column":79}},"line":188},"32":{"name":"(anonymous_32)","decl":{"start":{"line":188,"column":24},"end":{"line":188,"column":25}},"loc":{"start":{"line":188,"column":35},"end":{"line":188,"column":77}},"line":188},"33":{"name":"(anonymous_33)","decl":{"start":{"line":191,"column":13},"end":{"line":191,"column":14}},"loc":{"start":{"line":191,"column":22},"end":{"line":193,"column":7}},"line":191},"34":{"name":"(anonymous_34)","decl":{"start":{"line":196,"column":30},"end":{"line":196,"column":31}},"loc":{"start":{"line":196,"column":52},"end":{"line":207,"column":3}},"line":196},"35":{"name":"(anonymous_35)","decl":{"start":{"line":198,"column":12},"end":{"line":198,"column":13}},"loc":{"start":{"line":198,"column":22},"end":{"line":202,"column":7}},"line":198},"36":{"name":"(anonymous_36)","decl":{"start":{"line":199,"column":23},"end":{"line":199,"column":24}},"loc":{"start":{"line":199,"column":38},"end":{"line":201,"column":9}},"line":199},"37":{"name":"(anonymous_37)","decl":{"start":{"line":203,"column":13},"end":{"line":203,"column":14}},"loc":{"start":{"line":203,"column":22},"end":{"line":206,"column":7}},"line":203},"38":{"name":"(anonymous_38)","decl":{"start":{"line":210,"column":35},"end":{"line":210,"column":36}},"loc":{"start":{"line":210,"column":41},"end":{"line":212,"column":3}},"line":210},"39":{"name":"(anonymous_39)","decl":{"start":{"line":214,"column":12},"end":{"line":214,"column":13}},"loc":{"start":{"line":214,"column":18},"end":{"line":221,"column":3}},"line":214},"40":{"name":"(anonymous_40)","decl":{"start":{"line":216,"column":12},"end":{"line":216,"column":13}},"loc":{"start":{"line":216,"column":22},"end":{"line":216,"column":45}},"line":216},"41":{"name":"(anonymous_41)","decl":{"start":{"line":217,"column":12},"end":{"line":217,"column":13}},"loc":{"start":{"line":217,"column":25},"end":{"line":219,"column":7}},"line":217},"42":{"name":"(anonymous_42)","decl":{"start":{"line":220,"column":13},"end":{"line":220,"column":14}},"loc":{"start":{"line":220,"column":22},"end":{"line":220,"column":57}},"line":220},"43":{"name":"(anonymous_43)","decl":{"start":{"line":223,"column":12},"end":{"line":223,"column":13}},"loc":{"start":{"line":223,"column":18},"end":{"line":232,"column":3}},"line":223},"44":{"name":"(anonymous_44)","decl":{"start":{"line":226,"column":12},"end":{"line":226,"column":13}},"loc":{"start":{"line":226,"column":23},"end":{"line":230,"column":7}},"line":226},"45":{"name":"(anonymous_45)","decl":{"start":{"line":231,"column":13},"end":{"line":231,"column":14}},"loc":{"start":{"line":231,"column":22},"end":{"line":231,"column":40}},"line":231},"46":{"name":"(anonymous_46)","decl":{"start":{"line":234,"column":12},"end":{"line":234,"column":13}},"loc":{"start":{"line":234,"column":18},"end":{"line":249,"column":3}},"line":234},"47":{"name":"(anonymous_47)","decl":{"start":{"line":235,"column":26},"end":{"line":235,"column":27}},"loc":{"start":{"line":235,"column":59},"end":{"line":239,"column":5}},"line":235},"48":{"name":"(anonymous_48)","decl":{"start":{"line":241,"column":12},"end":{"line":241,"column":13}},"loc":{"start":{"line":241,"column":21},"end":{"line":243,"column":7}},"line":241},"49":{"name":"(anonymous_49)","decl":{"start":{"line":244,"column":13},"end":{"line":244,"column":14}},"loc":{"start":{"line":244,"column":22},"end":{"line":248,"column":7}},"line":244},"50":{"name":"(anonymous_50)","decl":{"start":{"line":255,"column":12},"end":{"line":255,"column":13}},"loc":{"start":{"line":255,"column":18},"end":{"line":279,"column":3}},"line":255},"51":{"name":"(anonymous_51)","decl":{"start":{"line":258,"column":27},"end":{"line":258,"column":28}},"loc":{"start":{"line":258,"column":34},"end":{"line":262,"column":5}},"line":258},"52":{"name":"(anonymous_52)","decl":{"start":{"line":264,"column":31},"end":{"line":264,"column":32}},"loc":{"start":{"line":264,"column":38},"end":{"line":270,"column":5}},"line":264},"53":{"name":"(anonymous_53)","decl":{"start":{"line":275,"column":11},"end":{"line":275,"column":12}},"loc":{"start":{"line":275,"column":17},"end":{"line":278,"column":5}},"line":275},"54":{"name":"(anonymous_54)","decl":{"start":{"line":318,"column":44},"end":{"line":318,"column":45}},"loc":{"start":{"line":318,"column":50},"end":{"line":318,"column":52}},"line":318}},"branchMap":{"0":{"loc":{"start":{"line":144,"column":6},"end":{"line":146,"column":7}},"type":"if","locations":[{"start":{"line":144,"column":6},"end":{"line":146,"column":7}},{"start":{},"end":{}}],"line":144},"1":{"loc":{"start":{"line":144,"column":10},"end":{"line":144,"column":29}},"type":"binary-expr","locations":[{"start":{"line":144,"column":10},"end":{"line":144,"column":16}},{"start":{"line":144,"column":20},"end":{"line":144,"column":29}}],"line":144},"2":{"loc":{"start":{"line":155,"column":35},"end":{"line":155,"column":79}},"type":"binary-expr","locations":[{"start":{"line":155,"column":35},"end":{"line":155,"column":65}},{"start":{"line":155,"column":69},"end":{"line":155,"column":79}}],"line":155},"3":{"loc":{"start":{"line":183,"column":20},"end":{"line":183,"column":68}},"type":"cond-expr","locations":[{"start":{"line":183,"column":31},"end":{"line":183,"column":47}},{"start":{"line":183,"column":50},"end":{"line":183,"column":68}}],"line":183},"4":{"loc":{"start":{"line":188,"column":35},"end":{"line":188,"column":77}},"type":"cond-expr","locations":[{"start":{"line":188,"column":54},"end":{"line":188,"column":70}},{"start":{"line":188,"column":73},"end":{"line":188,"column":77}}],"line":188},"5":{"loc":{"start":{"line":211,"column":30},"end":{"line":211,"column":75}},"type":"cond-expr","locations":[{"start":{"line":211,"column":64},"end":{"line":211,"column":68}},{"start":{"line":211,"column":71},"end":{"line":211,"column":75}}],"line":211},"6":{"loc":{"start":{"line":227,"column":15},"end":{"line":229,"column":49}},"type":"cond-expr","locations":[{"start":{"line":228,"column":12},"end":{"line":228,"column":40}},{"start":{"line":229,"column":12},"end":{"line":229,"column":49}}],"line":227},"7":{"loc":{"start":{"line":235,"column":27},"end":{"line":235,"column":43}},"type":"default-arg","locations":[{"start":{"line":235,"column":38},"end":{"line":235,"column":43}}],"line":235},"8":{"loc":{"start":{"line":235,"column":45},"end":{"line":235,"column":54}},"type":"default-arg","locations":[{"start":{"line":235,"column":52},"end":{"line":235,"column":54}}],"line":235},"9":{"loc":{"start":{"line":242,"column":28},"end":{"line":242,"column":43}},"type":"binary-expr","locations":[{"start":{"line":242,"column":28},"end":{"line":242,"column":36}},{"start":{"line":242,"column":40},"end":{"line":242,"column":43}}],"line":242},"10":{"loc":{"start":{"line":253,"column":4},"end":{"line":253,"column":71}},"type":"binary-expr","locations":[{"start":{"line":253,"column":4},"end":{"line":253,"column":34}},{"start":{"line":253,"column":38},"end":{"line":253,"column":71}}],"line":253},"11":{"loc":{"start":{"line":257,"column":4},"end":{"line":257,"column":45}},"type":"if","locations":[{"start":{"line":257,"column":4},"end":{"line":257,"column":45}},{"start":{},"end":{}}],"line":257},"12":{"loc":{"start":{"line":257,"column":8},"end":{"line":257,"column":36}},"type":"binary-expr","locations":[{"start":{"line":257,"column":8},"end":{"line":257,"column":20}},{"start":{"line":257,"column":24},"end":{"line":257,"column":36}}],"line":257},"13":{"loc":{"start":{"line":259,"column":6},"end":{"line":261,"column":7}},"type":"if","locations":[{"start":{"line":259,"column":6},"end":{"line":261,"column":7}},{"start":{},"end":{}}],"line":259},"14":{"loc":{"start":{"line":267,"column":6},"end":{"line":269,"column":7}},"type":"if","locations":[{"start":{"line":267,"column":6},"end":{"line":269,"column":7}},{"start":{},"end":{}}],"line":267},"15":{"loc":{"start":{"line":294,"column":13},"end":{"line":368,"column":13}},"type":"cond-expr","locations":[{"start":{"line":295,"column":14},"end":{"line":298,"column":20}},{"start":{"line":300,"column":14},"end":{"line":367,"column":23}}],"line":294},"16":{"loc":{"start":{"line":360,"column":20},"end":{"line":364,"column":21}},"type":"cond-expr","locations":[{"start":{"line":361,"column":22},"end":{"line":361,"column":58}},{"start":{"line":363,"column":22},"end":{"line":363,"column":56}}],"line":360}},"s":{"0":0,"1":0,"2":0,"3":0,"4":0,"5":0,"6":0,"7":0,"8":0,"9":0,"10":0,"11":0,"12":0,"13":0,"14":0,"15":0,"16":0,"17":0,"18":0,"19":0,"20":0,"21":0,"22":0,"23":0,"24":0,"25":0,"26":0,"27":0,"28":0,"29":0,"30":0,"31":0,"32":0,"33":0,"34":0,"35":0,"36":0,"37":0,"38":0,"39":0,"40":0,"41":0,"42":0,"43":0,"44":0,"45":0,"46":0,"47":0,"48":0,"49":0,"50":0,"51":0,"52":0,"53":0,"54":0,"55":0,"56":0,"57":0,"58":0,"59":0,"60":0,"61":0,"62":0,"63":0,"64":0,"65":0,"66":0,"67":0,"68":0,"69":0,"70":0,"71":0,"72":0,"73":0,"74":0,"75":0,"76":0,"77":0,"78":0,"79":0,"80":0,"81":0,"82":0,"83":0,"84":0,"85":0,"86":0,"87":0,"88":0,"89":0,"90":0,"91":0,"92":0,"93":0,"94":0,"95":0,"96":0,"97":0,"98":0,"99":0,"100":0,"101":0,"102":0,"103":0,"104":0,"105":0,"106":0,"107":0,"108":0,"109":0,"110":0,"111":0,"112":0,"113":0,"114":0,"115":0},"f":{"0":0,"1":0,"2":0,"3":0,"4":0,"5":0,"6":0,"7":0,"8":0,"9":0,"10":0,"11":0,"12":0,"13":0,"14":0,"15":0,"16":0,"17":0,"18":0,"19":0,"20":0,"21":0,"22":0,"23":0,"24":0,"25":0,"26":0,"27":0,"28":0,"29":0,"30":0,"31":0,"32":0,"33":0,"34":0,"35":0,"36":0,"37":0,"38":0,"39":0,"40":0,"41":0,"42":0,"43":0,"44":0,"45":0,"46":0,"47":0,"48":0,"49":0,"50":0,"51":0,"52":0,"53":0,"54":0},"b":{"0":[0,0],"1":[0,0],"2":[0,0],"3":[0,0],"4":[0,0],"5":[0,0],"6":[0,0],"7":[0],"8":[0],"9":[0,0],"10":[0,0],"11":[0,0],"12":[0,0],"13":[0,0],"14":[0,0],"15":[0,0],"16":[0,0]}}
,"C:\\Users\\johnz\\WTWRP\\src\\components\\ClothesSection\\ClothesSection.jsx": {"path":"C:\\Users\\johnz\\WTWRP\\src\\components\\ClothesSection\\ClothesSection.jsx","statementMap":{"0":{"start":{"line":7,"column":26},"end":{"line":7,"column":56}},"1":{"start":{"line":9,"column":2},"end":{"line":9,"column":54}},"2":{"start":{"line":9,"column":20},"end":{"line":9,"column":54}},"3":{"start":{"line":11,"column":2},"end":{"line":29,"column":4}},"4":{"start":{"line":21,"column":12},"end":{"line":25,"column":14}}},"fnMap":{"0":{"name":"ClothesSection","decl":{"start":{"line":6,"column":9},"end":{"line":6,"column":23}},"loc":{"start":{"line":6,"column":82},"end":{"line":30,"column":1}},"line":6},"1":{"name":"(anonymous_1)","decl":{"start":{"line":20,"column":28},"end":{"line":20,"column":29}},"loc":{"start":{"line":21,"column":12},"end":{"line":25,"column":14}},"line":21}},"branchMap":{"0":{"loc":{"start":{"line":9,"column":2},"end":{"line":9,"column":54}},"type":"if","locations":[{"start":{"line":9,"column":2},"end":{"line":9,"column":54}},{"start":{},"end":{}}],"line":9},"1":{"loc":{"start":{"line":19,"column":9},"end":{"line":26,"column":12}},"type":"binary-expr","locations":[{"start":{"line":19,"column":9},"end":{"line":19,"column":22}},{"start":{"line":20,"column":10},"end":{"line":26,"column":12}}],"line":19}},"s":{"0":0,"1":0,"2":0,"3":0,"4":0},"f":{"0":0,"1":0},"b":{"0":[0,0],"1":[0,0]}}
,"C:\\Users\\johnz\\WTWRP\\src\\components\\Delete\\Delete.jsx": {"path":"C:\\Users\\johnz\\WTWRP\\src\\components\\Delete\\Delete.jsx","statementMap":{"0":{"start":{"line":11,"column":4},"end":{"line":11,"column":38}},"1":{"start":{"line":15,"column":2},"end":{"line":49,"column":4}}},"fnMap":{"0":{"name":"DeleteModal","decl":{"start":{"line":3,"column":9},"end":{"line":3,"column":20}},"loc":{"start":{"line":9,"column":3},"end":{"line":50,"column":1}},"line":9},"1":{"name":"handleCallBack","decl":{"start":{"line":10,"column":11},"end":{"line":10,"column":25}},"loc":{"start":{"line":10,"column":28},"end":{"line":12,"column":3}},"line":10}},"branchMap":{"0":{"loc":{"start":{"line":18,"column":8},"end":{"line":18,"column":36}},"type":"cond-expr","locations":[{"start":{"line":18,"column":17},"end":{"line":18,"column":31}},{"start":{"line":18,"column":34},"end":{"line":18,"column":36}}],"line":18}},"s":{"0":0,"1":0},"f":{"0":0,"1":0},"b":{"0":[0,0]}}
,"C:\\Users\\johnz\\WTWRP\\src\\components\\Header\\Header.jsx": {"path":"C:\\Users\\johnz\\WTWRP\\src\\components\\Header\\Header.jsx","statementMap":{"0":{"start":{"line":15,"column":15},"end":{"line":15,"column":25}},"1":{"start":{"line":16,"column":24},"end":{"line":19,"column":4}},"2":{"start":{"line":21,"column":38},"end":{"line":21,"column":68}},"3":{"start":{"line":23,"column":2},"end":{"line":62,"column":4}}},"fnMap":{"0":{"name":"Header","decl":{"start":{"line":9,"column":9},"end":{"line":9,"column":15}},"loc":{"start":{"line":14,"column":3},"end":{"line":63,"column":1}},"line":14}},"branchMap":{"0":{"loc":{"start":{"line":46,"column":9},"end":{"line":59,"column":9}},"type":"cond-expr","locations":[{"start":{"line":47,"column":10},"end":{"line":53,"column":20}},{"start":{"line":55,"column":10},"end":{"line":58,"column":16}}],"line":46},"1":{"loc":{"start":{"line":49,"column":15},"end":{"line":49,"column":52}},"type":"binary-expr","locations":[{"start":{"line":49,"column":15},"end":{"line":49,"column":32}},{"start":{"line":49,"column":36},"end":{"line":49,"column":52}}],"line":49}},"s":{"0":0,"1":0,"2":0,"3":0},"f":{"0":0},"b":{"0":[0,0],"1":[0,0]}}
,"C:\\Users\\johnz\\WTWRP\\src\\components\\ItemCard\\ItemCard.jsx": {"path":"C:\\Users\\johnz\\WTWRP\\src\\components\\ItemCard\\ItemCard.jsx","statementMap":{"0":{"start":{"line":7,"column":39},"end":{"line":7,"column":69}},"1":{"start":{"line":8,"column":31},"end":{"line":8,"column":46}},"2":{"start":{"line":10,"column":27},"end":{"line":14,"column":3}},"3":{"start":{"line":12,"column":4},"end":{"line":12,"column":24}},"4":{"start":{"line":13,"column":4},"end":{"line":13,"column":43}},"5":{"start":{"line":16,"column":34},"end":{"line":18,"column":4}},"6":{"start":{"line":20,"column":26},"end":{"line":22,"column":3}},"7":{"start":{"line":21,"column":4},"end":{"line":21,"column":29}},"8":{"start":{"line":25,"column":2},"end":{"line":28,"column":37}},"9":{"start":{"line":26,"column":29},"end":{"line":26,"column":77}},"10":{"start":{"line":26,"column":53},"end":{"line":26,"column":76}},"11":{"start":{"line":27,"column":4},"end":{"line":27,"column":33}},"12":{"start":{"line":30,"column":2},"end":{"line":51,"column":4}}},"fnMap":{"0":{"name":"ItemCard","decl":{"start":{"line":5,"column":9},"end":{"line":5,"column":17}},"loc":{"start":{"line":5,"column":73},"end":{"line":52,"column":1}},"line":5},"1":{"name":"(anonymous_1)","decl":{"start":{"line":10,"column":27},"end":{"line":10,"column":28}},"loc":{"start":{"line":10,"column":34},"end":{"line":14,"column":3}},"line":10},"2":{"name":"(anonymous_2)","decl":{"start":{"line":20,"column":26},"end":{"line":20,"column":27}},"loc":{"start":{"line":20,"column":32},"end":{"line":22,"column":3}},"line":20},"3":{"name":"(anonymous_3)","decl":{"start":{"line":25,"column":12},"end":{"line":25,"column":13}},"loc":{"start":{"line":25,"column":18},"end":{"line":28,"column":3}},"line":25},"4":{"name":"(anonymous_4)","decl":{"start":{"line":26,"column":45},"end":{"line":26,"column":46}},"loc":{"start":{"line":26,"column":53},"end":{"line":26,"column":76}},"line":26}},"branchMap":{"0":{"loc":{"start":{"line":17,"column":4},"end":{"line":17,"column":44}},"type":"cond-expr","locations":[{"start":{"line":17,"column":14},"end":{"line":17,"column":39}},{"start":{"line":17,"column":42},"end":{"line":17,"column":44}}],"line":17},"1":{"loc":{"start":{"line":34,"column":11},"end":{"line":41,"column":16}},"type":"cond-expr","locations":[{"start":{"line":35,"column":10},"end":{"line":40,"column":20}},{"start":{"line":41,"column":12},"end":{"line":41,"column":16}}],"line":34},"2":{"loc":{"start":{"line":39,"column":24},"end":{"line":39,"column":51}},"type":"cond-expr","locations":[{"start":{"line":39,"column":34},"end":{"line":39,"column":42}},{"start":{"line":39,"column":45},"end":{"line":39,"column":51}}],"line":39}},"s":{"0":0,"1":0,"2":0,"3":0,"4":0,"5":0,"6":0,"7":0,"8":0,"9":0,"10":0,"11":0,"12":0},"f":{"0":0,"1":0,"2":0,"3":0,"4":0},"b":{"0":[0,0],"1":[0,0],"2":[0,0]}}
,"C:\\Users\\johnz\\WTWRP\\src\\components\\LoginModal\\LoginModal.jsx": {"path":"C:\\Users\\johnz\\WTWRP\\src\\components\\LoginModal\\LoginModal.jsx","statementMap":{"0":{"start":{"line":14,"column":34},"end":{"line":14,"column":46}},"1":{"start":{"line":16,"column":48},"end":{"line":19,"column":4}},"2":{"start":{"line":21,"column":22},"end":{"line":24,"column":3}},"3":{"start":{"line":22,"column":4},"end":{"line":22,"column":18}},"4":{"start":{"line":23,"column":4},"end":{"line":23,"column":23}},"5":{"start":{"line":26,"column":28},"end":{"line":40,"column":3}},"6":{"start":{"line":27,"column":4},"end":{"line":27,"column":23}},"7":{"start":{"line":28,"column":4},"end":{"line":28,"column":20}},"8":{"start":{"line":30,"column":4},"end":{"line":39,"column":9}},"9":{"start":{"line":32,"column":8},"end":{"line":32,"column":22}},"10":{"start":{"line":33,"column":8},"end":{"line":33,"column":27}},"11":{"start":{"line":37,"column":23},"end":{"line":37,"column":123}},"12":{"start":{"line":38,"column":8},"end":{"line":38,"column":34}},"13":{"start":{"line":41,"column":21},"end":{"line":41,"column":52}},"14":{"start":{"line":43,"column":4},"end":{"line":83,"column":6}}},"fnMap":{"0":{"name":"LoginModal","decl":{"start":{"line":5,"column":24},"end":{"line":5,"column":34}},"loc":{"start":{"line":12,"column":3},"end":{"line":84,"column":3}},"line":12},"1":{"name":"(anonymous_1)","decl":{"start":{"line":21,"column":22},"end":{"line":21,"column":23}},"loc":{"start":{"line":21,"column":28},"end":{"line":24,"column":3}},"line":21},"2":{"name":"(anonymous_2)","decl":{"start":{"line":26,"column":28},"end":{"line":26,"column":29}},"loc":{"start":{"line":26,"column":35},"end":{"line":40,"column":3}},"line":26},"3":{"name":"(anonymous_3)","decl":{"start":{"line":31,"column":12},"end":{"line":31,"column":13}},"loc":{"start":{"line":31,"column":18},"end":{"line":34,"column":7}},"line":31},"4":{"name":"(anonymous_4)","decl":{"start":{"line":34,"column":15},"end":{"line":34,"column":16}},"loc":{"start":{"line":34,"column":24},"end":{"line":39,"column":7}},"line":34}},"branchMap":{"0":{"loc":{"start":{"line":37,"column":23},"end":{"line":37,"column":123}},"type":"binary-expr","locations":[{"start":{"line":37,"column":23},"end":{"line":37,"column":34}},{"start":{"line":37,"column":38},"end":{"line":37,"column":47}},{"start":{"line":37,"column":52},"end":{"line":37,"column":122}}],"line":37},"1":{"loc":{"start":{"line":37,"column":52},"end":{"line":37,"column":122}},"type":"cond-expr","locations":[{"start":{"line":37,"column":78},"end":{"line":37,"column":81}},{"start":{"line":37,"column":84},"end":{"line":37,"column":122}}],"line":37},"2":{"loc":{"start":{"line":41,"column":21},"end":{"line":41,"column":52}},"type":"binary-expr","locations":[{"start":{"line":41,"column":21},"end":{"line":41,"column":33}},{"start":{"line":41,"column":37},"end":{"line":41,"column":52}}],"line":41},"3":{"loc":{"start":{"line":80,"column":3},"end":{"line":80,"column":65}},"type":"binary-expr","locations":[{"start":{"line":80,"column":3},"end":{"line":80,"column":11}},{"start":{"line":80,"column":15},"end":{"line":80,"column":65}}],"line":80}},"s":{"0":0,"1":0,"2":0,"3":0,"4":0,"5":0,"6":0,"7":0,"8":0,"9":0,"10":0,"11":0,"12":0,"13":0,"14":0},"f":{"0":0,"1":0,"2":0,"3":0,"4":0},"b":{"0":[0,0,0],"1":[0,0],"2":[0,0],"3":[0,0]}}
,"C:\\Users\\johnz\\WTWRP\\src\\components\\Main\\Main.jsx": {"path":"C:\\Users\\johnz\\WTWRP\\src\\components\\Main\\Main.jsx","statementMap":{"0":{"start":{"line":14,"column":37},"end":{"line":14,"column":78}},"1":{"start":{"line":15,"column":26},"end":{"line":15,"column":56}},"2":{"start":{"line":16,"column":2},"end":{"line":45,"column":4}},"3":{"start":{"line":26,"column":39},"end":{"line":26,"column":77}},"4":{"start":{"line":28,"column":30},"end":{"line":28,"column":62}},"5":{"start":{"line":30,"column":16},"end":{"line":30,"column":47}},"6":{"start":{"line":33,"column":16},"end":{"line":40,"column":18}}},"fnMap":{"0":{"name":"Main","decl":{"start":{"line":7,"column":9},"end":{"line":7,"column":13}},"loc":{"start":{"line":13,"column":3},"end":{"line":46,"column":1}},"line":13},"1":{"name":"(anonymous_1)","decl":{"start":{"line":24,"column":22},"end":{"line":24,"column":23}},"loc":{"start":{"line":24,"column":32},"end":{"line":31,"column":15}},"line":24},"2":{"name":"(anonymous_2)","decl":{"start":{"line":32,"column":19},"end":{"line":32,"column":20}},"loc":{"start":{"line":32,"column":29},"end":{"line":41,"column":15}},"line":32}},"branchMap":{"0":{"loc":{"start":{"line":22,"column":11},"end":{"line":41,"column":16}},"type":"binary-expr","locations":[{"start":{"line":22,"column":11},"end":{"line":22,"column":24}},{"start":{"line":23,"column":12},"end":{"line":41,"column":16}}],"line":22},"1":{"loc":{"start":{"line":30,"column":23},"end":{"line":30,"column":46}},"type":"binary-expr","locations":[{"start":{"line":30,"column":23},"end":{"line":30,"column":37}},{"start":{"line":30,"column":41},"end":{"line":30,"column":46}}],"line":30}},"s":{"0":0,"1":0,"2":0,"3":0,"4":0,"5":0,"6":0},"f":{"0":0,"1":0,"2":0},"b":{"0":[0,0],"1":[0,0]}}
,"C:\\Users\\johnz\\WTWRP\\src\\components\\ModalWithForm\\ModalWithForm.jsx": {"path":"C:\\Users\\johnz\\WTWRP\\src\\components\\ModalWithForm\\ModalWithForm.jsx","statementMap":{"0":{"start":{"line":12,"column":2},"end":{"line":42,"column":4}}},"fnMap":{"0":{"name":"ModalWithForm","decl":{"start":{"line":2,"column":24},"end":{"line":2,"column":37}},"loc":{"start":{"line":11,"column":3},"end":{"line":43,"column":1}},"line":11}},"branchMap":{"0":{"loc":{"start":{"line":13,"column":33},"end":{"line":13,"column":61}},"type":"cond-expr","locations":[{"start":{"line":13,"column":42},"end":{"line":13,"column":56}},{"start":{"line":13,"column":59},"end":{"line":13,"column":61}}],"line":13}},"s":{"0":0},"f":{"0":0},"b":{"0":[0,0]}}
,"C:\\Users\\johnz\\WTWRP\\src\\components\\PreviewItemModal\\PreviewItemModal.jsx": {"path":"C:\\Users\\johnz\\WTWRP\\src\\components\\PreviewItemModal\\PreviewItemModal.jsx","statementMap":{"0":{"start":{"line":11,"column":26},"end":{"line":11,"column":56}},"1":{"start":{"line":12,"column":25},"end":{"line":14,"column":3}},"2":{"start":{"line":13,"column":4},"end":{"line":13,"column":33}},"3":{"start":{"line":17,"column":16},"end":{"line":17,"column":56}},"4":{"start":{"line":20,"column":36},"end":{"line":22,"column":4}},"5":{"start":{"line":24,"column":2},"end":{"line":61,"column":4}}},"fnMap":{"0":{"name":"PreviewItemModal","decl":{"start":{"line":5,"column":9},"end":{"line":5,"column":25}},"loc":{"start":{"line":10,"column":3},"end":{"line":62,"column":1}},"line":10},"1":{"name":"(anonymous_1)","decl":{"start":{"line":12,"column":25},"end":{"line":12,"column":26}},"loc":{"start":{"line":12,"column":31},"end":{"line":14,"column":3}},"line":12}},"branchMap":{"0":{"loc":{"start":{"line":21,"column":4},"end":{"line":21,"column":46}},"type":"cond-expr","locations":[{"start":{"line":21,"column":12},"end":{"line":21,"column":14}},{"start":{"line":21,"column":17},"end":{"line":21,"column":46}}],"line":21},"1":{"loc":{"start":{"line":27,"column":8},"end":{"line":27,"column":55}},"type":"cond-expr","locations":[{"start":{"line":27,"column":36},"end":{"line":27,"column":50}},{"start":{"line":27,"column":53},"end":{"line":27,"column":55}}],"line":27}},"s":{"0":0,"1":0,"2":0,"3":0,"4":0,"5":0},"f":{"0":0,"1":0},"b":{"0":[0,0],"1":[0,0]}}
,"C:\\Users\\johnz\\WTWRP\\src\\components\\Profile\\Profile.jsx": {"path":"C:\\Users\\johnz\\WTWRP\\src\\components\\Profile\\Profile.jsx","statementMap":{"0":{"start":{"line":13,"column":2},"end":{"line":22,"column":4}}},"fnMap":{"0":{"name":"Profile","decl":{"start":{"line":6,"column":9},"end":{"line":6,"column":16}},"loc":{"start":{"line":12,"column":3},"end":{"line":23,"column":1}},"line":12}},"branchMap":{},"s":{"0":0},"f":{"0":0},"b":{}}
,"C:\\Users\\johnz\\WTWRP\\src\\components\\ProfileEditModal\\ProfileEditModal.jsx": {"path":"C:\\Users\\johnz\\WTWRP\\src\\components\\ProfileEditModal\\ProfileEditModal.jsx","statementMap":{"0":{"start":{"line":13,"column":48},"end":{"line":16,"column":4}},"1":{"start":{"line":18,"column":22},"end":{"line":21,"column":3}},"2":{"start":{"line":19,"column":4},"end":{"line":19,"column":18}},"3":{"start":{"line":20,"column":4},"end":{"line":20,"column":23}},"4":{"start":{"line":23,"column":27},"end":{"line":34,"column":1}},"5":{"start":{"line":24,"column":2},"end":{"line":24,"column":21}},"6":{"start":{"line":25,"column":0},"end":{"line":33,"column":7}},"7":{"start":{"line":27,"column":6},"end":{"line":27,"column":20}},"8":{"start":{"line":28,"column":6},"end":{"line":28,"column":25}},"9":{"start":{"line":31,"column":7},"end":{"line":31,"column":52}},"10":{"start":{"line":35,"column":19},"end":{"line":35,"column":47}},"11":{"start":{"line":37,"column":2},"end":{"line":74,"column":4}}},"fnMap":{"0":{"name":"ProfileEditModal","decl":{"start":{"line":4,"column":24},"end":{"line":4,"column":40}},"loc":{"start":{"line":12,"column":3},"end":{"line":75,"column":1}},"line":12},"1":{"name":"(anonymous_1)","decl":{"start":{"line":18,"column":22},"end":{"line":18,"column":23}},"loc":{"start":{"line":18,"column":28},"end":{"line":21,"column":3}},"line":18},"2":{"name":"(anonymous_2)","decl":{"start":{"line":23,"column":27},"end":{"line":23,"column":28}},"loc":{"start":{"line":23,"column":34},"end":{"line":34,"column":1}},"line":23},"3":{"name":"(anonymous_3)","decl":{"start":{"line":26,"column":10},"end":{"line":26,"column":11}},"loc":{"start":{"line":26,"column":16},"end":{"line":29,"column":5}},"line":26},"4":{"name":"(anonymous_4)","decl":{"start":{"line":30,"column":11},"end":{"line":30,"column":12}},"loc":{"start":{"line":30,"column":20},"end":{"line":33,"column":5}},"line":30}},"branchMap":{"0":{"loc":{"start":{"line":35,"column":19},"end":{"line":35,"column":47}},"type":"binary-expr","locations":[{"start":{"line":35,"column":19},"end":{"line":35,"column":30}},{"start":{"line":35,"column":34},"end":{"line":35,"column":47}}],"line":35}},"s":{"0":0,"1":0,"2":0,"3":0,"4":0,"5":0,"6":0,"7":0,"8":0,"9":0,"10":0,"11":0},"f":{"0":0,"1":0,"2":0,"3":0,"4":0},"b":{"0":[0,0]}}
,"C:\\Users\\johnz\\WTWRP\\src\\components\\ProtectedRoute\\ProtectedRoute.jsx": {"path":"C:\\Users\\johnz\\WTWRP\\src\\components\\ProtectedRoute\\ProtectedRoute.jsx","statementMap":{"0":{"start":{"line":6,"column":19},"end":{"line":6,"column":32}},"1":{"start":{"line":8,"column":25},"end":{"line":8,"column":55}},"2":{"start":{"line":10,"column":2},"end":{"line":14,"column":3}},"3":{"start":{"line":12,"column":17},"end":{"line":12,"column":54}},"4":{"start":{"line":13,"column":4},"end":{"line":13,"column":34}},"5":{"start":{"line":16,"column":2},"end":{"line":18,"column":3}},"6":{"start":{"line":17,"column":4},"end":{"line":17,"column":63}},"7":{"start":{"line":20,"column":2},"end":{"line":20,"column":18}}},"fnMap":{"0":{"name":"ProtectedRoute","decl":{"start":{"line":5,"column":24},"end":{"line":5,"column":38}},"loc":{"start":{"line":5,"column":72},"end":{"line":21,"column":1}},"line":5}},"branchMap":{"0":{"loc":{"start":{"line":5,"column":51},"end":{"line":5,"column":68}},"type":"default-arg","locations":[{"start":{"line":5,"column":63},"end":{"line":5,"column":68}}],"line":5},"1":{"loc":{"start":{"line":10,"column":2},"end":{"line":14,"column":3}},"type":"if","locations":[{"start":{"line":10,"column":2},"end":{"line":14,"column":3}},{"start":{},"end":{}}],"line":10},"2":{"loc":{"start":{"line":10,"column":6},"end":{"line":10,"column":29}},"type":"binary-expr","locations":[{"start":{"line":10,"column":6},"end":{"line":10,"column":15}},{"start":{"line":10,"column":19},"end":{"line":10,"column":29}}],"line":10},"3":{"loc":{"start":{"line":12,"column":17},"end":{"line":12,"column":54}},"type":"binary-expr","locations":[{"start":{"line":12,"column":17},"end":{"line":12,"column":47}},{"start":{"line":12,"column":51},"end":{"line":12,"column":54}}],"line":12},"4":{"loc":{"start":{"line":16,"column":2},"end":{"line":18,"column":3}},"type":"if","locations":[{"start":{"line":16,"column":2},"end":{"line":18,"column":3}},{"start":{},"end":{}}],"line":16},"5":{"loc":{"start":{"line":16,"column":6},"end":{"line":16,"column":31}},"type":"binary-expr","locations":[{"start":{"line":16,"column":6},"end":{"line":16,"column":16}},{"start":{"line":16,"column":20},"end":{"line":16,"column":31}}],"line":16}},"s":{"0":0,"1":0,"2":0,"3":0,"4":0,"5":0,"6":0,"7":0},"f":{"0":0},"b":{"0":[0],"1":[0,0],"2":[0,0],"3":[0,0],"4":[0,0],"5":[0,0]}}
,"C:\\Users\\johnz\\WTWRP\\src\\components\\RegisterModal\\RegisterModal.jsx": {"path":"C:\\Users\\johnz\\WTWRP\\src\\components\\RegisterModal\\RegisterModal.jsx","statementMap":{"0":{"start":{"line":14,"column":48},"end":{"line":19,"column":4}},"1":{"start":{"line":21,"column":22},"end":{"line":24,"column":3}},"2":{"start":{"line":22,"column":4},"end":{"line":22,"column":18}},"3":{"start":{"line":23,"column":4},"end":{"line":23,"column":23}},"4":{"start":{"line":26,"column":28},"end":{"line":33,"column":3}},"5":{"start":{"line":27,"column":4},"end":{"line":27,"column":23}},"6":{"start":{"line":29,"column":4},"end":{"line":32,"column":7}},"7":{"start":{"line":30,"column":6},"end":{"line":30,"column":20}},"8":{"start":{"line":31,"column":6},"end":{"line":31,"column":25}},"9":{"start":{"line":36,"column":4},"end":{"line":36,"column":67}},"10":{"start":{"line":37,"column":2},"end":{"line":103,"column":4}}},"fnMap":{"0":{"name":"RegisterModal","decl":{"start":{"line":4,"column":24},"end":{"line":4,"column":37}},"loc":{"start":{"line":12,"column":3},"end":{"line":104,"column":1}},"line":12},"1":{"name":"(anonymous_1)","decl":{"start":{"line":21,"column":22},"end":{"line":21,"column":23}},"loc":{"start":{"line":21,"column":28},"end":{"line":24,"column":3}},"line":21},"2":{"name":"(anonymous_2)","decl":{"start":{"line":26,"column":28},"end":{"line":26,"column":29}},"loc":{"start":{"line":26,"column":35},"end":{"line":33,"column":3}},"line":26},"3":{"name":"(anonymous_3)","decl":{"start":{"line":29,"column":34},"end":{"line":29,"column":35}},"loc":{"start":{"line":29,"column":40},"end":{"line":32,"column":5}},"line":29}},"branchMap":{"0":{"loc":{"start":{"line":36,"column":4},"end":{"line":36,"column":67}},"type":"binary-expr","locations":[{"start":{"line":36,"column":4},"end":{"line":36,"column":16}},{"start":{"line":36,"column":20},"end":{"line":36,"column":35}},{"start":{"line":36,"column":39},"end":{"line":36,"column":50}},{"start":{"line":36,"column":54},"end":{"line":36,"column":67}}],"line":36}},"s":{"0":0,"1":0,"2":0,"3":0,"4":0,"5":0,"6":0,"7":0,"8":0,"9":0,"10":0},"f":{"0":0,"1":0,"2":0,"3":0},"b":{"0":[0,0,0,0]}}
,"C:\\Users\\johnz\\WTWRP\\src\\components\\SideBar\\SideBar.jsx": {"path":"C:\\Users\\johnz\\WTWRP\\src\\components\\SideBar\\SideBar.jsx","statementMap":{"0":{"start":{"line":7,"column":26},"end":{"line":7,"column":56}},"1":{"start":{"line":8,"column":2},"end":{"line":33,"column":4}}},"fnMap":{"0":{"name":"SideBar","decl":{"start":{"line":6,"column":9},"end":{"line":6,"column":16}},"loc":{"start":{"line":6,"column":48},"end":{"line":34,"column":1}},"line":6}},"branchMap":{"0":{"loc":{"start":{"line":13,"column":11},"end":{"line":13,"column":48}},"type":"binary-expr","locations":[{"start":{"line":13,"column":11},"end":{"line":13,"column":28}},{"start":{"line":13,"column":32},"end":{"line":13,"column":48}}],"line":13}},"s":{"0":0,"1":0},"f":{"0":0},"b":{"0":[0,0]}}
,"C:\\Users\\johnz\\WTWRP\\src\\components\\ToggleSwitch\\ToggleSwitch.jsx": {"path":"C:\\Users\\johnz\\WTWRP\\src\\components\\ToggleSwitch\\ToggleSwitch.jsx","statementMap":{"0":{"start":{"line":4,"column":21},"end":{"line":25,"column":1}},"1":{"start":{"line":5,"column":39},"end":{"line":7,"column":3}},"2":{"start":{"line":9,"column":2},"end":{"line":24,"column":4}}},"fnMap":{"0":{"name":"(anonymous_0)","decl":{"start":{"line":4,"column":21},"end":{"line":4,"column":22}},"loc":{"start":{"line":4,"column":27},"end":{"line":25,"column":1}},"line":4}},"branchMap":{},"s":{"0":0,"1":0,"2":0},"f":{"0":0},"b":{}}
,"C:\\Users\\johnz\\WTWRP\\src\\components\\UserAvatar\\UserAvatar.jsx": {"path":"C:\\Users\\johnz\\WTWRP\\src\\components\\UserAvatar\\UserAvatar.jsx","statementMap":{"0":{"start":{"line":5,"column":19},"end":{"line":24,"column":1}},"1":{"start":{"line":7,"column":26},"end":{"line":7,"column":56}},"2":{"start":{"line":8,"column":21},"end":{"line":8,"column":38}},"3":{"start":{"line":11,"column":22},"end":{"line":13,"column":9}},"4":{"start":{"line":15,"column":2},"end":{"line":23,"column":4}}},"fnMap":{"0":{"name":"(anonymous_0)","decl":{"start":{"line":5,"column":19},"end":{"line":5,"column":20}},"loc":{"start":{"line":5,"column":38},"end":{"line":24,"column":1}},"line":5}},"branchMap":{"0":{"loc":{"start":{"line":8,"column":21},"end":{"line":8,"column":38}},"type":"binary-expr","locations":[{"start":{"line":8,"column":21},"end":{"line":8,"column":32}},{"start":{"line":8,"column":36},"end":{"line":8,"column":38}}],"line":8},"1":{"loc":{"start":{"line":11,"column":22},"end":{"line":13,"column":9}},"type":"cond-expr","locations":[{"start":{"line":12,"column":6},"end":{"line":12,"column":53}},{"start":{"line":13,"column":6},"end":{"line":13,"column":9}}],"line":11},"2":{"loc":{"start":{"line":15,"column":9},"end":{"line":23,"column":3}},"type":"cond-expr","locations":[{"start":{"line":16,"column":4},"end":{"line":20,"column":6}},{"start":{"line":22,"column":4},"end":{"line":22,"column":74}}],"line":15}},"s":{"0":0,"1":0,"2":0,"3":0,"4":0},"f":{"0":0},"b":{"0":[0,0],"1":[0,0],"2":[0,0]}}
,"C:\\Users\\johnz\\WTWRP\\src\\components\\Video\\Video.jsx": {"path":"C:\\Users\\johnz\\WTWRP\\src\\components\\Video\\Video.jsx","statementMap":{"0":{"start":{"line":3,"column":19},"end":{"line":3,"column":31}},"1":{"start":{"line":5,"column":36},"end":{"line":5,"column":51}},"2":{"start":{"line":8,"column":4},"end":{"line":14,"column":5}},"3":{"start":{"line":9,"column":6},"end":{"line":9,"column":30}},"4":{"start":{"line":10,"column":6},"end":{"line":10,"column":25}},"5":{"start":{"line":12,"column":6},"end":{"line":12,"column":31}},"6":{"start":{"line":13,"column":6},"end":{"line":13,"column":26}},"7":{"start":{"line":19,"column":4},"end":{"line":19,"column":29}},"8":{"start":{"line":20,"column":4},"end":{"line":20,"column":37}},"9":{"start":{"line":21,"column":4},"end":{"line":21,"column":24}},"10":{"start":{"line":24,"column":2},"end":{"line":67,"column":4}}},"fnMap":{"0":{"name":"VideoPlayer","decl":{"start":{"line":2,"column":24},"end":{"line":2,"column":35}},"loc":{"start":{"line":2,"column":38},"end":{"line":68,"column":1}},"line":2},"1":{"name":"handleToggle","decl":{"start":{"line":7,"column":11},"end":{"line":7,"column":23}},"loc":{"start":{"line":7,"column":26},"end":{"line":15,"column":3}},"line":7},"2":{"name":"handleReset","decl":{"start":{"line":18,"column":11},"end":{"line":18,"column":22}},"loc":{"start":{"line":18,"column":25},"end":{"line":22,"column":3}},"line":18}},"branchMap":{"0":{"loc":{"start":{"line":8,"column":4},"end":{"line":14,"column":5}},"type":"if","locations":[{"start":{"line":8,"column":4},"end":{"line":14,"column":5}},{"start":{"line":11,"column":11},"end":{"line":14,"column":5}}],"line":8},"1":{"loc":{"start":{"line":59,"column":11},"end":{"line":59,"column":45}},"type":"cond-expr","locations":[{"start":{"line":59,"column":23},"end":{"line":59,"column":33}},{"start":{"line":59,"column":36},"end":{"line":59,"column":45}}],"line":59}},"s":{"0":0,"1":0,"2":0,"3":0,"4":0,"5":0,"6":0,"7":0,"8":0,"9":0,"10":0},"f":{"0":0,"1":0,"2":0},"b":{"0":[0,0],"1":[0,0]}}
,"C:\\Users\\johnz\\WTWRP\\src\\components\\WeatherCard\\WeatherCard.jsx": {"path":"C:\\Users\\johnz\\WTWRP\\src\\components\\WeatherCard\\WeatherCard.jsx","statementMap":{"0":{"start":{"line":7,"column":39},"end":{"line":7,"column":80}},"1":{"start":{"line":9,"column":22},"end":{"line":14,"column":4}},"2":{"start":{"line":10,"column":4},"end":{"line":13,"column":6}},"3":{"start":{"line":17,"column":19},"end":{"line":17,"column":94}},"4":{"start":{"line":20,"column":24},"end":{"line":20,"column":47}},"5":{"start":{"line":21,"column":2},"end":{"line":26,"column":4}}},"fnMap":{"0":{"name":"WeatherCard","decl":{"start":{"line":5,"column":9},"end":{"line":5,"column":20}},"loc":{"start":{"line":5,"column":38},"end":{"line":27,"column":1}},"line":5},"1":{"name":"(anonymous_1)","decl":{"start":{"line":9,"column":42},"end":{"line":9,"column":43}},"loc":{"start":{"line":9,"column":54},"end":{"line":14,"column":3}},"line":9}},"branchMap":{"0":{"loc":{"start":{"line":11,"column":6},"end":{"line":12,"column":48}},"type":"binary-expr","locations":[{"start":{"line":11,"column":6},"end":{"line":11,"column":38}},{"start":{"line":12,"column":6},"end":{"line":12,"column":48}}],"line":11},"1":{"loc":{"start":{"line":17,"column":19},"end":{"line":17,"column":94}},"type":"cond-expr","locations":[{"start":{"line":17,"column":39},"end":{"line":17,"column":64}},{"start":{"line":17,"column":67},"end":{"line":17,"column":94}}],"line":17},"2":{"loc":{"start":{"line":20,"column":24},"end":{"line":20,"column":47}},"type":"binary-expr","locations":[{"start":{"line":20,"column":24},"end":{"line":20,"column":35}},{"start":{"line":20,"column":39},"end":{"line":20,"column":47}}],"line":20}},"s":{"0":0,"1":0,"2":0,"3":0,"4":0,"5":0},"f":{"0":0,"1":0},"b":{"0":[0,0],"1":[0,0],"2":[0,0]}}
,"C:\\Users\\johnz\\WTWRP\\src\\contexts\\CurrentTemperatureUnitContext.js": {"path":"C:\\Users\\johnz\\WTWRP\\src\\contexts\\CurrentTemperatureUnitContext.js","statementMap":{"0":{"start":{"line":3,"column":38},"end":{"line":3,"column":53}}},"fnMap":{},"branchMap":{},"s":{"0":0},"f":{},"b":{}}
,"C:\\Users\\johnz\\WTWRP\\src\\contexts\\CurrentUserContext.js": {"path":"C:\\Users\\johnz\\WTWRP\\src\\contexts\\CurrentUserContext.js","statementMap":{"0":{"start":{"line":3,"column":27},"end":{"line":3,"column":42}}},"fnMap":{},"branchMap":{},"s":{"0":0},"f":{},"b":{}}
,"C:\\Users\\johnz\\WTWRP\\src\\hooks\\useForm.js": {"path":"C:\\Users\\johnz\\WTWRP\\src\\hooks\\useForm.js","statementMap":{"0":{"start":{"line":4,"column":30},"end":{"line":4,"column":53}},"1":{"start":{"line":6,"column":23},"end":{"line":9,"column":3}},"2":{"start":{"line":7,"column":28},"end":{"line":7,"column":40}},"3":{"start":{"line":8,"column":4},"end":{"line":8,"column":44}},"4":{"start":{"line":11,"column":22},"end":{"line":13,"column":3}},"5":{"start":{"line":12,"column":4},"end":{"line":12,"column":29}},"6":{"start":{"line":15,"column":2},"end":{"line":15,"column":58}}},"fnMap":{"0":{"name":"useForm","decl":{"start":{"line":3,"column":16},"end":{"line":3,"column":23}},"loc":{"start":{"line":3,"column":39},"end":{"line":16,"column":1}},"line":3},"1":{"name":"(anonymous_1)","decl":{"start":{"line":6,"column":23},"end":{"line":6,"column":24}},"loc":{"start":{"line":6,"column":34},"end":{"line":9,"column":3}},"line":6},"2":{"name":"(anonymous_2)","decl":{"start":{"line":11,"column":22},"end":{"line":11,"column":23}},"loc":{"start":{"line":11,"column":28},"end":{"line":13,"column":3}},"line":11}},"branchMap":{},"s":{"0":0,"1":0,"2":0,"3":0,"4":0,"5":0,"6":0},"f":{"0":0,"1":0,"2":0},"b":{}}
,"C:\\Users\\johnz\\WTWRP\\src\\utils\\api.js": {"path":"C:\\Users\\johnz\\WTWRP\\src\\utils\\api.js","statementMap":{"0":{"start":{"line":1,"column":24},"end":{"line":1,"column":53}},"1":{"start":{"line":3,"column":30},"end":{"line":11,"column":1}},"2":{"start":{"line":4,"column":2},"end":{"line":6,"column":3}},"3":{"start":{"line":5,"column":4},"end":{"line":5,"column":33}},"4":{"start":{"line":8,"column":20},"end":{"line":8,"column":41}},"5":{"start":{"line":10,"column":2},"end":{"line":10,"column":35}},"6":{"start":{"line":12,"column":23},"end":{"line":15,"column":1}},"7":{"start":{"line":16,"column":37},"end":{"line":23,"column":1}},"8":{"start":{"line":17,"column":19},"end":{"line":21,"column":4}},"9":{"start":{"line":22,"column":2},"end":{"line":22,"column":34}},"10":{"start":{"line":25,"column":31},"end":{"line":33,"column":1}},"11":{"start":{"line":26,"column":19},"end":{"line":31,"column":4}},"12":{"start":{"line":32,"column":2},"end":{"line":32,"column":34}},"13":{"start":{"line":35,"column":31},"end":{"line":42,"column":1}},"14":{"start":{"line":36,"column":19},"end":{"line":40,"column":4}},"15":{"start":{"line":41,"column":2},"end":{"line":41,"column":34}},"16":{"start":{"line":44,"column":34},"end":{"line":51,"column":1}},"17":{"start":{"line":45,"column":19},"end":{"line":49,"column":4}},"18":{"start":{"line":50,"column":2},"end":{"line":50,"column":34}}},"fnMap":{"0":{"name":"(anonymous_0)","decl":{"start":{"line":3,"column":30},"end":{"line":3,"column":31}},"loc":{"start":{"line":3,"column":50},"end":{"line":11,"column":1}},"line":3},"1":{"name":"(anonymous_1)","decl":{"start":{"line":16,"column":37},"end":{"line":16,"column":38}},"loc":{"start":{"line":16,"column":49},"end":{"line":23,"column":1}},"line":16},"2":{"name":"(anonymous_2)","decl":{"start":{"line":25,"column":31},"end":{"line":25,"column":32}},"loc":{"start":{"line":25,"column":67},"end":{"line":33,"column":1}},"line":25},"3":{"name":"(anonymous_3)","decl":{"start":{"line":35,"column":31},"end":{"line":35,"column":32}},"loc":{"start":{"line":35,"column":49},"end":{"line":42,"column":1}},"line":35},"4":{"name":"(anonymous_4)","decl":{"start":{"line":44,"column":34},"end":{"line":44,"column":35}},"loc":{"start":{"line":44,"column":52},"end":{"line":51,"column":1}},"line":44}},"branchMap":{"0":{"loc":{"start":{"line":4,"column":2},"end":{"line":6,"column":3}},"type":"if","locations":[{"start":{"line":4,"column":2},"end":{"line":6,"column":3}},{"start":{},"end":{}}],"line":4}},"s":{"0":0,"1":0,"2":0,"3":0,"4":0,"5":0,"6":0,"7":0,"8":0,"9":0,"10":0,"11":0,"12":0,"13":0,"14":0,"15":0,"16":0,"17":0,"18":0},"f":{"0":0,"1":0,"2":0,"3":0,"4":0},"b":{"0":[0,0]}}
,"C:\\Users\\johnz\\WTWRP\\src\\utils\\apiLikeDislike.js": {"path":"C:\\Users\\johnz\\WTWRP\\src\\utils\\apiLikeDislike.js","statementMap":{"0":{"start":{"line":3,"column":27},"end":{"line":10,"column":1}},"1":{"start":{"line":4,"column":19},"end":{"line":8,"column":4}},"2":{"start":{"line":9,"column":2},"end":{"line":9,"column":34}},"3":{"start":{"line":12,"column":29},"end":{"line":19,"column":1}},"4":{"start":{"line":13,"column":19},"end":{"line":17,"column":4}},"5":{"start":{"line":18,"column":2},"end":{"line":18,"column":34}}},"fnMap":{"0":{"name":"(anonymous_0)","decl":{"start":{"line":3,"column":27},"end":{"line":3,"column":28}},"loc":{"start":{"line":3,"column":45},"end":{"line":10,"column":1}},"line":3},"1":{"name":"(anonymous_1)","decl":{"start":{"line":12,"column":29},"end":{"line":12,"column":30}},"loc":{"start":{"line":12,"column":47},"end":{"line":19,"column":1}},"line":12}},"branchMap":{},"s":{"0":0,"1":0,"2":0,"3":0,"4":0,"5":0},"f":{"0":0,"1":0},"b":{}}
,"C:\\Users\\johnz\\WTWRP\\src\\utils\\auth.js": {"path":"C:\\Users\\johnz\\WTWRP\\src\\utils\\auth.js","statementMap":{"0":{"start":{"line":1,"column":17},"end":{"line":1,"column":46}},"1":{"start":{"line":3,"column":24},"end":{"line":12,"column":1}},"2":{"start":{"line":4,"column":2},"end":{"line":11,"column":26}},"3":{"start":{"line":14,"column":25},"end":{"line":24,"column":1}},"4":{"start":{"line":15,"column":2},"end":{"line":23,"column":26}},"5":{"start":{"line":27,"column":27},"end":{"line":37,"column":1}},"6":{"start":{"line":29,"column":2},"end":{"line":36,"column":26}},"7":{"start":{"line":39,"column":30},"end":{"line":49,"column":1}},"8":{"start":{"line":40,"column":2},"end":{"line":48,"column":26}},"9":{"start":{"line":51,"column":23},"end":{"line":57,"column":1}},"10":{"start":{"line":52,"column":2},"end":{"line":56,"column":71}},"11":{"start":{"line":56,"column":20},"end":{"line":56,"column":68}}},"fnMap":{"0":{"name":"(anonymous_0)","decl":{"start":{"line":3,"column":24},"end":{"line":3,"column":25}},"loc":{"start":{"line":3,"column":63},"end":{"line":12,"column":1}},"line":3},"1":{"name":"(anonymous_1)","decl":{"start":{"line":14,"column":25},"end":{"line":14,"column":26}},"loc":{"start":{"line":14,"column":50},"end":{"line":24,"column":1}},"line":14},"2":{"name":"(anonymous_2)","decl":{"start":{"line":27,"column":27},"end":{"line":27,"column":28}},"loc":{"start":{"line":27,"column":33},"end":{"line":37,"column":1}},"line":27},"3":{"name":"(anonymous_3)","decl":{"start":{"line":39,"column":30},"end":{"line":39,"column":31}},"loc":{"start":{"line":39,"column":52},"end":{"line":49,"column":1}},"line":39},"4":{"name":"(anonymous_4)","decl":{"start":{"line":51,"column":23},"end":{"line":51,"column":24}},"loc":{"start":{"line":51,"column":29},"end":{"line":57,"column":1}},"line":51},"5":{"name":"(anonymous_5)","decl":{"start":{"line":56,"column":10},"end":{"line":56,"column":11}},"loc":{"start":{"line":56,"column":20},"end":{"line":56,"column":68}},"line":56}},"branchMap":{"0":{"loc":{"start":{"line":56,"column":20},"end":{"line":56,"column":68}},"type":"cond-expr","locations":[{"start":{"line":56,"column":29},"end":{"line":56,"column":39}},{"start":{"line":56,"column":42},"end":{"line":56,"column":68}}],"line":56}},"s":{"0":0,"1":0,"2":0,"3":0,"4":0,"5":0,"6":0,"7":0,"8":0,"9":0,"10":0,"11":0},"f":{"0":0,"1":0,"2":0,"3":0,"4":0,"5":0},"b":{"0":[0,0]}}
,"C:\\Users\\johnz\\WTWRP\\src\\utils\\constants.js": {"path":"C:\\Users\\johnz\\WTWRP\\src\\utils\\constants.js","statementMap":{"0":{"start":{"line":5,"column":27},"end":{"line":9,"column":1}},"1":{"start":{"line":11,"column":30},"end":{"line":73,"column":1}},"2":{"start":{"line":74,"column":37},"end":{"line":84,"column":1}}},"fnMap":{},"branchMap":{},"s":{"0":0,"1":0,"2":0},"f":{},"b":{}}
,"C:\\Users\\johnz\\WTWRP\\src\\utils\\token.js": {"path":"C:\\Users\\johnz\\WTWRP\\src\\utils\\token.js","statementMap":{"0":{"start":{"line":1,"column":18},"end":{"line":1,"column":23}},"1":{"start":{"line":2,"column":24},"end":{"line":4,"column":1}},"2":{"start":{"line":3,"column":2},"end":{"line":3,"column":41}},"3":{"start":{"line":6,"column":24},"end":{"line":8,"column":1}},"4":{"start":{"line":7,"column":2},"end":{"line":7,"column":41}},"5":{"start":{"line":10,"column":27},"end":{"line":12,"column":1}},"6":{"start":{"line":11,"column":2},"end":{"line":11,"column":37}}},"fnMap":{"0":{"name":"(anonymous_0)","decl":{"start":{"line":2,"column":24},"end":{"line":2,"column":25}},"loc":{"start":{"line":2,"column":35},"end":{"line":4,"column":1}},"line":2},"1":{"name":"(anonymous_1)","decl":{"start":{"line":6,"column":24},"end":{"line":6,"column":25}},"loc":{"start":{"line":6,"column":30},"end":{"line":8,"column":1}},"line":6},"2":{"name":"(anonymous_2)","decl":{"start":{"line":10,"column":27},"end":{"line":10,"column":28}},"loc":{"start":{"line":10,"column":33},"end":{"line":12,"column":1}},"line":10}},"branchMap":{},"s":{"0":0,"1":0,"2":0,"3":0,"4":0,"5":0,"6":0},"f":{"0":0,"1":0,"2":0},"b":{}}
,"C:\\Users\\johnz\\WTWRP\\src\\utils\\weatherApi.js": {"path":"C:\\Users\\johnz\\WTWRP\\src\\utils\\weatherApi.js","statementMap":{"0":{"start":{"line":3,"column":33},"end":{"line":16,"column":1}},"1":{"start":{"line":4,"column":18},"end":{"line":4,"column":46}},"2":{"start":{"line":5,"column":23},"end":{"line":5,"column":34}},"3":{"start":{"line":6,"column":14},"end":{"line":6,"column":115}},"4":{"start":{"line":8,"column":2},"end":{"line":15,"column":7}},"5":{"start":{"line":10,"column":5},"end":{"line":10,"column":67}},"6":{"start":{"line":13,"column":6},"end":{"line":13,"column":59}},"7":{"start":{"line":14,"column":6},"end":{"line":14,"column":18}},"8":{"start":{"line":18,"column":33},"end":{"line":28,"column":1}},"9":{"start":{"line":19,"column":21},"end":{"line":19,"column":23}},"10":{"start":{"line":21,"column":2},"end":{"line":21,"column":94}},"11":{"start":{"line":22,"column":2},"end":{"line":22,"column":62}},"12":{"start":{"line":23,"column":2},"end":{"line":23,"column":39}},"13":{"start":{"line":24,"column":2},"end":{"line":24,"column":70}},"14":{"start":{"line":25,"column":2},"end":{"line":25,"column":32}},"15":{"start":{"line":27,"column":0},"end":{"line":27,"column":20}},"16":{"start":{"line":29,"column":28},"end":{"line":37,"column":1}},"17":{"start":{"line":30,"column":2},"end":{"line":36,"column":3}},"18":{"start":{"line":31,"column":4},"end":{"line":31,"column":17}},"19":{"start":{"line":32,"column":9},"end":{"line":36,"column":3}},"20":{"start":{"line":33,"column":4},"end":{"line":33,"column":18}},"21":{"start":{"line":35,"column":4},"end":{"line":35,"column":18}},"22":{"start":{"line":39,"column":14},"end":{"line":42,"column":1}},"23":{"start":{"line":40,"column":22},"end":{"line":40,"column":49}},"24":{"start":{"line":41,"column":2},"end":{"line":41,"column":55}}},"fnMap":{"0":{"name":"(anonymous_0)","decl":{"start":{"line":3,"column":33},"end":{"line":3,"column":34}},"loc":{"start":{"line":3,"column":39},"end":{"line":16,"column":1}},"line":3},"1":{"name":"(anonymous_1)","decl":{"start":{"line":9,"column":10},"end":{"line":9,"column":11}},"loc":{"start":{"line":9,"column":19},"end":{"line":11,"column":5}},"line":9},"2":{"name":"(anonymous_2)","decl":{"start":{"line":12,"column":11},"end":{"line":12,"column":12}},"loc":{"start":{"line":12,"column":22},"end":{"line":15,"column":5}},"line":12},"3":{"name":"(anonymous_3)","decl":{"start":{"line":18,"column":33},"end":{"line":18,"column":34}},"loc":{"start":{"line":18,"column":43},"end":{"line":28,"column":1}},"line":18},"4":{"name":"(anonymous_4)","decl":{"start":{"line":29,"column":28},"end":{"line":29,"column":29}},"loc":{"start":{"line":29,"column":45},"end":{"line":37,"column":1}},"line":29},"5":{"name":"(anonymous_5)","decl":{"start":{"line":39,"column":14},"end":{"line":39,"column":15}},"loc":{"start":{"line":39,"column":37},"end":{"line":42,"column":1}},"line":39}},"branchMap":{"0":{"loc":{"start":{"line":10,"column":12},"end":{"line":10,"column":67}},"type":"cond-expr","locations":[{"start":{"line":10,"column":21},"end":{"line":10,"column":31}},{"start":{"line":10,"column":34},"end":{"line":10,"column":67}}],"line":10},"1":{"loc":{"start":{"line":30,"column":2},"end":{"line":36,"column":3}},"type":"if","locations":[{"start":{"line":30,"column":2},"end":{"line":36,"column":3}},{"start":{"line":32,"column":9},"end":{"line":36,"column":3}}],"line":30},"2":{"loc":{"start":{"line":32,"column":9},"end":{"line":36,"column":3}},"type":"if","locations":[{"start":{"line":32,"column":9},"end":{"line":36,"column":3}},{"start":{"line":34,"column":9},"end":{"line":36,"column":3}}],"line":32},"3":{"loc":{"start":{"line":32,"column":13},"end":{"line":32,"column":48}},"type":"binary-expr","locations":[{"start":{"line":32,"column":13},"end":{"line":32,"column":29}},{"start":{"line":32,"column":33},"end":{"line":32,"column":48}}],"line":32},"4":{"loc":{"start":{"line":41,"column":9},"end":{"line":41,"column":54}},"type":"binary-expr","locations":[{"start":{"line":41,"column":9},"end":{"line":41,"column":30}},{"start":{"line":41,"column":34},"end":{"line":41,"column":54}}],"line":41}},"s":{"0":0,"1":0,"2":0,"3":0,"4":0,"5":0,"6":0,"7":0,"8":0,"9":0,"10":0,"11":0,"12":0,"13":0,"14":0,"15":0,"16":0,"17":0,"18":0,"19":0,"20":0,"21":0,"22":0,"23":0,"24":0},"f":{"0":0,"1":0,"2":0,"3":0,"4":0,"5":0},"b":{"0":[0,0],"1":[0,0],"2":[0,0],"3":[0,0],"4":[0,0]}}
}
